Traceback (most recent call last):
  File "/cluster/raid/home/zhivar.sourati/logical-fallacy-identification/AMR_parsers_and_graphs/main_classifier.py", line 389, in <module>
    **var(args)
NameError: name 'var' is not defined. Did you mean: 'vars'?
Fatal error condition occurred in /opt/vcpkg/buildtrees/aws-c-io/src/9e6648842a-364b708815.clean/source/event_loop.c:72: aws_thread_launch(&cleanup_thread, s_event_loop_destroy_async_thread_fn, el_group, &thread_options) == AWS_OP_SUCCESS
Exiting Application
################################################################################
Stack trace:
################################################################################
/cluster/raid/home/zhivar.sourati/anaconda3/envs/general/lib/python3.10/site-packages/pyarrow/libarrow.so.900(+0x200af06) [0x14b60659cf06]
/cluster/raid/home/zhivar.sourati/anaconda3/envs/general/lib/python3.10/site-packages/pyarrow/libarrow.so.900(+0x20028e5) [0x14b6065948e5]
/cluster/raid/home/zhivar.sourati/anaconda3/envs/general/lib/python3.10/site-packages/pyarrow/libarrow.so.900(+0x1f27e09) [0x14b6064b9e09]
/cluster/raid/home/zhivar.sourati/anaconda3/envs/general/lib/python3.10/site-packages/pyarrow/libarrow.so.900(+0x200ba3d) [0x14b60659da3d]
/cluster/raid/home/zhivar.sourati/anaconda3/envs/general/lib/python3.10/site-packages/pyarrow/libarrow.so.900(+0x1f25948) [0x14b6064b7948]
/cluster/raid/home/zhivar.sourati/anaconda3/envs/general/lib/python3.10/site-packages/pyarrow/libarrow.so.900(+0x200ba3d) [0x14b60659da3d]
/cluster/raid/home/zhivar.sourati/anaconda3/envs/general/lib/python3.10/site-packages/pyarrow/libarrow.so.900(+0x1ee0b46) [0x14b606472b46]
/cluster/raid/home/zhivar.sourati/anaconda3/envs/general/lib/python3.10/site-packages/pyarrow/libarrow.so.900(+0x194546a) [0x14b605ed746a]
/lib/x86_64-linux-gnu/libc.so.6(+0x468a7) [0x14b651f688a7]
/lib/x86_64-linux-gnu/libc.so.6(on_exit+0) [0x14b651f68a60]
/lib/x86_64-linux-gnu/libc.so.6(__libc_start_main+0xfa) [0x14b651f4608a]
python(+0x2125d4) [0x55ce6d4eb5d4]
/var/spool/slurm/slurmd/job06500/slurm_script: line 32: 1548894 Aborted                 (core dumped) python main_classifier.py --train_input_file data/edu_train.csv --dev_input_file data/edu_dev.csv --test_input_file data/edu_test.csv --input_type csv --input_feature source_article
Traceback (most recent call last):
  File "/cluster/raid/home/zhivar.sourati/logical-fallacy-identification/AMR_parsers_and_graphs/main_classifier.py", line 389, in <module>
    **var(args)
NameError: name 'var' is not defined. Did you mean: 'vars'?
Fatal error condition occurred in /opt/vcpkg/buildtrees/aws-c-io/src/9e6648842a-364b708815.clean/source/event_loop.c:72: aws_thread_launch(&cleanup_thread, s_event_loop_destroy_async_thread_fn, el_group, &thread_options) == AWS_OP_SUCCESS
Exiting Application
################################################################################
Stack trace:
################################################################################
/cluster/raid/home/zhivar.sourati/anaconda3/envs/general/lib/python3.10/site-packages/pyarrow/libarrow.so.900(+0x200af06) [0x150d2632bf06]
/cluster/raid/home/zhivar.sourati/anaconda3/envs/general/lib/python3.10/site-packages/pyarrow/libarrow.so.900(+0x20028e5) [0x150d263238e5]
/cluster/raid/home/zhivar.sourati/anaconda3/envs/general/lib/python3.10/site-packages/pyarrow/libarrow.so.900(+0x1f27e09) [0x150d26248e09]
/cluster/raid/home/zhivar.sourati/anaconda3/envs/general/lib/python3.10/site-packages/pyarrow/libarrow.so.900(+0x200ba3d) [0x150d2632ca3d]
/cluster/raid/home/zhivar.sourati/anaconda3/envs/general/lib/python3.10/site-packages/pyarrow/libarrow.so.900(+0x1f25948) [0x150d26246948]
/cluster/raid/home/zhivar.sourati/anaconda3/envs/general/lib/python3.10/site-packages/pyarrow/libarrow.so.900(+0x200ba3d) [0x150d2632ca3d]
/cluster/raid/home/zhivar.sourati/anaconda3/envs/general/lib/python3.10/site-packages/pyarrow/libarrow.so.900(+0x1ee0b46) [0x150d26201b46]
/cluster/raid/home/zhivar.sourati/anaconda3/envs/general/lib/python3.10/site-packages/pyarrow/libarrow.so.900(+0x194546a) [0x150d25c6646a]
/lib/x86_64-linux-gnu/libc.so.6(+0x468a7) [0x150d71cf78a7]
/lib/x86_64-linux-gnu/libc.so.6(on_exit+0) [0x150d71cf7a60]
/lib/x86_64-linux-gnu/libc.so.6(__libc_start_main+0xfa) [0x150d71cd508a]
python(+0x2125d4) [0x56529df815d4]
/var/spool/slurm/slurmd/job06500/slurm_script: line 39: 1548995 Aborted                 (core dumped) python main_classifier.py --train_input_file data/edu_train.csv --dev_input_file data/edu_dev.csv --test_input_file data/edu_test.csv --input_type csv --input_feature masked_articles
